TN:
SF:src/events/payment.js
FN:2,Payment
FN:6,creditCard
FNF:2
FNH:2
FNDA:2,Payment
FNDA:2,creditCard
DA:1,1
DA:2,1
DA:3,2
DA:4,2
DA:5,1
DA:6,1
DA:7,2
DA:8,2
DA:9,2
DA:10,2
DA:11,1
LF:11
LH:11
BRDA:2,0,0,2
BRDA:6,1,0,2
BRF:2
BRH:2
end_of_record
TN:
SF:src/observers/business.js
FN:2,Business
FN:4,update
FNF:2
FNH:2
FNDA:1,Business
FNDA:1,update
DA:1,1
DA:2,1
DA:3,1
DA:4,1
DA:5,1
DA:6,1
DA:7,1
LF:7
LH:7
BRDA:2,0,0,1
BRDA:4,1,0,1
BRF:2
BRH:2
end_of_record
TN:
SF:src/observers/marketing.js
FN:2,Marketing
FN:4,update
FNF:2
FNH:2
FNDA:1,Marketing
FNDA:1,update
DA:1,1
DA:2,1
DA:3,1
DA:4,1
DA:5,1
DA:6,1
DA:7,1
LF:7
LH:7
BRDA:2,0,0,1
BRDA:4,1,0,1
BRF:2
BRH:2
end_of_record
TN:
SF:src/subjects/paymentSubject.js
FN:2,<instance_members_initializer>
FN:3,PaymentSubject
FN:5,notify
FN:9,subscribe
FN:13,unsubscribe
FNF:5
FNH:5
FNDA:4,<instance_members_initializer>
FNDA:4,PaymentSubject
FNDA:4,notify
FNDA:5,subscribe
FNDA:1,unsubscribe
DA:1,1
DA:2,1
DA:3,1
DA:4,1
DA:5,1
DA:6,4
DA:7,4
DA:8,1
DA:9,1
DA:10,5
DA:11,5
DA:12,1
DA:13,1
DA:14,1
DA:15,1
DA:16,1
LF:16
LH:16
BRDA:2,0,0,4
BRDA:3,1,0,4
BRDA:5,2,0,4
BRDA:6,3,0,4
BRDA:9,4,0,5
BRDA:13,5,0,1
BRF:6
BRH:6
end_of_record
